00000000000i[     ] Bochs x86 Emulator 2.6.2
00000000000i[     ]   Built from SVN snapshot on May 26, 2013
00000000000i[     ] Compiled on May 22 2014 at 20:53:10
00000000000i[     ] System configuration
00000000000i[     ]   processors: 1 (cores=1, HT threads=1)
00000000000i[     ]   A20 line support: yes
00000000000i[     ]   load configurable MSRs from file "msrs.def"
00000000000i[     ] IPS is set to 5000000
00000000000i[     ] CPU configuration
00000000000i[     ]   SMP support: no
00000000000i[     ]   level: 6
00000000000i[     ]   APIC support: xapic
00000000000i[     ]   FPU support: yes
00000000000i[     ]   MMX support: yes
00000000000i[     ]   3dnow! support: no
00000000000i[     ]   SEP support: yes
00000000000i[     ]   SSE support: sse2
00000000000i[     ]   XSAVE support: no 
00000000000i[     ]   AES support: no
00000000000i[     ]   MOVBE support: no
00000000000i[     ]   ADX support: no
00000000000i[     ]   x86-64 support: no
00000000000i[     ]   MWAIT support: yes
00000000000i[     ] Optimization configuration
00000000000i[     ]   RepeatSpeedups support: no
00000000000i[     ]   Fast function calls: no
00000000000i[     ]   Handlers Chaining speedups: no
00000000000i[     ] Devices configuration
00000000000i[     ]   NE2000 support: no
00000000000i[     ]   PCI support: yes, enabled=yes
00000000000i[     ]   SB16 support: no
00000000000i[     ]   USB support: no
00000000000i[     ]   VGA extension support: vbe
00000000000i[MEM0 ] allocated memory at 0x7f025886a010. after alignment, vector=0x7f025886b000
00000000000i[MEM0 ] 256,00MB
00000000000i[MEM0 ] mem block size = 0x00100000, blocks=256
00000000000i[MEM0 ] rom at 0xfffe0000/131072 ('/home/tomas/bochs-2.6.2/share/bochs/BIOS-bochs-latest')
00000000000i[VTIME] using 'realtime pit' synchronization method
00000000000i[     ] init_dev of 'pci' plugin device by virtual method
00000000000i[DEV  ] i440FX PMC present at device 0, function 0
00000000000i[     ] init_dev of 'pci2isa' plugin device by virtual method
00000000000i[DEV  ] PIIX3 PCI-to-ISA bridge present at device 1, function 0
00000000000i[     ] init_dev of 'cmos' plugin device by virtual method
00000000000i[CMOS ] Using specified time for initial clock
00000000000i[CMOS ] Setting initial clock to: Fri Dec 31 20:00:00 1999 (time0=946681200)
00000000000i[     ] init_dev of 'dma' plugin device by virtual method
00000000000i[DMA  ] channel 4 used by cascade
00000000000i[     ] init_dev of 'pic' plugin device by virtual method
00000000000i[     ] init_dev of 'pit' plugin device by virtual method
00000000000i[     ] init_dev of 'floppy' plugin device by virtual method
00000000000i[DMA  ] channel 2 used by Floppy Drive
00000000000i[FDD  ] fd0: './diskette.img' ro=0, h=2,t=80,spt=18
00000000000i[     ] init_dev of 'vga' plugin device by virtual method
00000000000i[MEM0 ] Register memory access handlers: 0x0000000a0000 - 0x0000000bffff
00000000000i[VGA  ] interval=200000
00000000000i[MEM0 ] Register memory access handlers: 0x0000e0000000 - 0x0000e0ffffff
00000000000i[BXVGA] VBE Bochs Display Extension Enabled
00000000000i[XGUI ] test_alloc_colors: 16 colors available out of 16 colors tried
00000000000i[XGUI ] font 8 wide x 16 high, display depth = 24
00000000000i[MEM0 ] rom at 0xc0000/41472 ('/home/tomas/bochs-2.6.2/share/bochs/VGABIOS-lgpl-latest')
00000000000i[     ] init_dev of 'acpi' plugin device by virtual method
00000000000i[DEV  ] ACPI Controller present at device 1, function 3
00000000000i[     ] init_dev of 'ioapic' plugin device by virtual method
00000000000i[IOAP ] initializing I/O APIC
00000000000i[MEM0 ] Register memory access handlers: 0x0000fec00000 - 0x0000fec00fff
00000000000i[IOAP ] IOAPIC enabled (base address = 0xfec00000)
00000000000i[     ] init_dev of 'keyboard' plugin device by virtual method
00000000000i[KBD  ] will paste characters every 400 keyboard ticks
00000000000i[     ] init_dev of 'harddrv' plugin device by virtual method
00000000000i[HD   ] Using boot sequence floppy, none, none
00000000000i[HD   ] Floppy boot signature check is enabled
00000000000i[     ] init_dev of 'pci_ide' plugin device by virtual method
00000000000i[DEV  ] PIIX3 PCI IDE controller present at device 1, function 1
00000000000i[     ] init_dev of 'unmapped' plugin device by virtual method
00000000000i[     ] init_dev of 'biosdev' plugin device by virtual method
00000000000i[     ] init_dev of 'speaker' plugin device by virtual method
00000000000i[     ] init_dev of 'extfpuirq' plugin device by virtual method
00000000000i[     ] init_dev of 'parallel' plugin device by virtual method
00000000000i[PAR  ] parallel port 1 at 0x0378 irq 7
00000000000i[     ] init_dev of 'serial' plugin device by virtual method
00000000000i[SER  ] com1 at 0x03f8 irq 4
00000000000i[     ] init_dev of 'iodebug' plugin device by virtual method
00000000000i[     ] register state of 'pci' plugin device by virtual method
00000000000i[     ] register state of 'pci2isa' plugin device by virtual method
00000000000i[     ] register state of 'cmos' plugin device by virtual method
00000000000i[     ] register state of 'dma' plugin device by virtual method
00000000000i[     ] register state of 'pic' plugin device by virtual method
00000000000i[     ] register state of 'pit' plugin device by virtual method
00000000000i[     ] register state of 'floppy' plugin device by virtual method
00000000000i[     ] register state of 'vga' plugin device by virtual method
00000000000i[     ] register state of 'unmapped' plugin device by virtual method
00000000000i[     ] register state of 'biosdev' plugin device by virtual method
00000000000i[     ] register state of 'speaker' plugin device by virtual method
00000000000i[     ] register state of 'extfpuirq' plugin device by virtual method
00000000000i[     ] register state of 'parallel' plugin device by virtual method
00000000000i[     ] register state of 'serial' plugin device by virtual method
00000000000i[     ] register state of 'iodebug' plugin device by virtual method
00000000000i[     ] register state of 'acpi' plugin device by virtual method
00000000000i[     ] register state of 'ioapic' plugin device by virtual method
00000000000i[     ] register state of 'keyboard' plugin device by virtual method
00000000000i[     ] register state of 'harddrv' plugin device by virtual method
00000000000i[     ] register state of 'pci_ide' plugin device by virtual method
00000000000i[SYS  ] bx_pc_system_c::Reset(HARDWARE) called
00000000000i[CPU0 ] cpu hardware reset
00000000000i[APIC0] allocate APIC id=0 (MMIO enabled) to 0x0000fee00000
00000000000i[CPU0 ] CPUID[0x00000000]: 00000005 756e6547 6c65746e 49656e69
00000000000i[CPU0 ] CPUID[0x00000001]: 00000633 00010800 00000008 1fcbfbff
00000000000i[CPU0 ] CPUID[0x00000002]: 00410601 00000000 00000000 00000000
00000000000i[CPU0 ] CPUID[0x00000003]: 00000000 00000000 00000000 00000000
00000000000i[CPU0 ] CPUID[0x00000004]: 00000000 00000000 00000000 00000000
00000000000i[CPU0 ] CPUID[0x00000005]: 00000040 00000040 00000003 00000020
00000000000i[CPU0 ] CPUID[0x80000000]: 80000008 00000000 00000000 00000000
00000000000i[CPU0 ] CPUID[0x80000001]: 00000000 00000000 00000000 00000000
00000000000i[CPU0 ] CPUID[0x80000002]: 20202020 20202020 20202020 6e492020
00000000000i[CPU0 ] CPUID[0x80000003]: 286c6574 50202952 69746e65 52286d75
00000000000i[CPU0 ] CPUID[0x80000004]: 20342029 20555043 20202020 00202020
00000000000i[CPU0 ] CPUID[0x80000005]: 01ff01ff 01ff01ff 40020140 40020140
00000000000i[CPU0 ] CPUID[0x80000006]: 00000000 42004200 02008140 00000000
00000000000i[CPU0 ] CPUID[0x80000007]: 00000000 00000000 00000000 00000000
00000000000i[CPU0 ] CPUID[0x80000008]: 00002028 00000000 00000000 00000000
00000000000i[     ] reset of 'pci' plugin device by virtual method
00000000000i[     ] reset of 'pci2isa' plugin device by virtual method
00000000000i[     ] reset of 'cmos' plugin device by virtual method
00000000000i[     ] reset of 'dma' plugin device by virtual method
00000000000i[     ] reset of 'pic' plugin device by virtual method
00000000000i[     ] reset of 'pit' plugin device by virtual method
00000000000i[     ] reset of 'floppy' plugin device by virtual method
00000000000i[     ] reset of 'vga' plugin device by virtual method
00000000000i[     ] reset of 'acpi' plugin device by virtual method
00000000000i[     ] reset of 'ioapic' plugin device by virtual method
00000000000i[     ] reset of 'keyboard' plugin device by virtual method
00000000000i[     ] reset of 'harddrv' plugin device by virtual method
00000000000i[     ] reset of 'pci_ide' plugin device by virtual method
00000000000i[     ] reset of 'unmapped' plugin device by virtual method
00000000000i[     ] reset of 'biosdev' plugin device by virtual method
00000000000i[     ] reset of 'speaker' plugin device by virtual method
00000000000e[SPEAK] Failed to open /dev/console: Permiso denegado
00000000000e[SPEAK] Deactivating beep on console
00000000000i[     ] reset of 'extfpuirq' plugin device by virtual method
00000000000i[     ] reset of 'parallel' plugin device by virtual method
00000000000i[     ] reset of 'serial' plugin device by virtual method
00000000000i[     ] reset of 'iodebug' plugin device by virtual method
00000000000i[XGUI ] Mouse capture off
00000000000i[     ] set SIGINT handler to bx_debug_ctrlc_handler
00000000000i[XGUI ] Mouse capture off
00000000025i[MEM0 ] allocate_block: block=0x0 used 0x1 of 0x100
00000004661i[BIOS ] $Revision: 11545 $ $Date: 2012-11-11 09:11:17 +0100 (So, 11. Nov 2012) $
00000318789i[KBD  ] reset-disable command received
00000322055i[BIOS ] Starting rombios32
00000322489i[BIOS ] Shutdown flag 0
00000323091i[BIOS ] ram_size=0x10000000
00000323535i[BIOS ] ram_end=256MB
00000336104i[BIOS ] Found 1 cpu(s)
00000350291i[BIOS ] bios_table_addr: 0x000fa448 end=0x000fcc00
00000678088i[PCI  ] i440FX PMC write to PAM register 59 (TLB Flush)
00001006015i[P2I  ] PCI IRQ routing: PIRQA# set to 0x0b
00001006034i[P2I  ] PCI IRQ routing: PIRQB# set to 0x09
00001006053i[P2I  ] PCI IRQ routing: PIRQC# set to 0x0b
00001006072i[P2I  ] PCI IRQ routing: PIRQD# set to 0x09
00001006082i[P2I  ] write: ELCR2 = 0x0a
00001006848i[BIOS ] PIIX3/PIIX4 init: elcr=00 0a
00001014521i[BIOS ] PCI: bus=0 devfn=0x00: vendor_id=0x8086 device_id=0x1237 class=0x0600
00001016791i[BIOS ] PCI: bus=0 devfn=0x08: vendor_id=0x8086 device_id=0x7000 class=0x0601
00001018900i[BIOS ] PCI: bus=0 devfn=0x09: vendor_id=0x8086 device_id=0x7010 class=0x0101
00001019129i[PIDE ] new BM-DMA address: 0xc000
00001019746i[BIOS ] region 4: 0x0000c000
00001021771i[BIOS ] PCI: bus=0 devfn=0x0b: vendor_id=0x8086 device_id=0x7113 class=0x0680
00001022004i[ACPI ] new irq line = 11
00001022016i[ACPI ] new irq line = 9
00001022045i[ACPI ] new PM base address: 0xb000
00001022059i[ACPI ] new SM base address: 0xb100
00001022087i[PCI  ] setting SMRAM control register to 0x4a
00001186178i[CPU0 ] Enter to System Management Mode
00001186189i[CPU0 ] RSM: Resuming from System Management Mode
00001350207i[PCI  ] setting SMRAM control register to 0x0a
00001365100i[BIOS ] MP table addr=0x000fa520 MPC table addr=0x000fa450 size=0xc8
00001366856i[BIOS ] SMBIOS table addr=0x000fa530
00001366914i[MEM0 ] allocate_block: block=0xff used 0x2 of 0x100
00001369051i[BIOS ] ACPI tables: RSDP addr=0x000fa650 ACPI DATA addr=0x0fff0000 size=0xf72
00001372248i[BIOS ] Firmware waking vector 0xfff00cc
00001374046i[PCI  ] i440FX PMC write to PAM register 59 (TLB Flush)
00001374774i[BIOS ] bios_table_cur_addr: 0x000fa674
00001502391i[VBIOS] VGABios $Id: vgabios.c,v 1.75 2011/10/15 14:07:21 vruppert Exp $
00001502462i[BXVGA] VBE known Display Interface b0c0
00001502494i[BXVGA] VBE known Display Interface b0c5
00001505419i[VBIOS] VBE Bios $Id: vbe.c,v 1.64 2011/07/19 18:25:05 vruppert Exp $
00007178830i[XGUI ] charmap update. Font Height is 16
02325870940i[BIOS ] Booting from 0000:7c00
02342718580i[XGUI ] charmap update. Font Height is 16
02343998899i[MEM0 ] allocate_block: block=0x1 used 0x3 of 0x100
02345571763i[MEM0 ] allocate_block: block=0x2 used 0x4 of 0x100
02347144627i[MEM0 ] allocate_block: block=0x3 used 0x5 of 0x100
02348717491i[MEM0 ] allocate_block: block=0x4 used 0x6 of 0x100
02350290355i[MEM0 ] allocate_block: block=0x5 used 0x7 of 0x100
02351863219i[MEM0 ] allocate_block: block=0x6 used 0x8 of 0x100
02353436083i[MEM0 ] allocate_block: block=0x7 used 0x9 of 0x100
02355008947i[MEM0 ] allocate_block: block=0x8 used 0xa of 0x100
02356581811i[MEM0 ] allocate_block: block=0x9 used 0xb of 0x100
02358154675i[MEM0 ] allocate_block: block=0xa used 0xc of 0x100
02359727539i[MEM0 ] allocate_block: block=0xb used 0xd of 0x100
02361300403i[MEM0 ] allocate_block: block=0xc used 0xe of 0x100
02362873267i[MEM0 ] allocate_block: block=0xd used 0xf of 0x100
02364446131i[MEM0 ] allocate_block: block=0xe used 0x10 of 0x100
02366018995i[MEM0 ] allocate_block: block=0xf used 0x11 of 0x100
02367591859i[MEM0 ] allocate_block: block=0x10 used 0x12 of 0x100
02369164723i[MEM0 ] allocate_block: block=0x11 used 0x13 of 0x100
02370737587i[MEM0 ] allocate_block: block=0x12 used 0x14 of 0x100
02372310451i[MEM0 ] allocate_block: block=0x13 used 0x15 of 0x100
02373883315i[MEM0 ] allocate_block: block=0x14 used 0x16 of 0x100
02375456179i[MEM0 ] allocate_block: block=0x15 used 0x17 of 0x100
02377029043i[MEM0 ] allocate_block: block=0x16 used 0x18 of 0x100
02378601907i[MEM0 ] allocate_block: block=0x17 used 0x19 of 0x100
02380174771i[MEM0 ] allocate_block: block=0x18 used 0x1a of 0x100
02381747635i[MEM0 ] allocate_block: block=0x19 used 0x1b of 0x100
02383320499i[MEM0 ] allocate_block: block=0x1a used 0x1c of 0x100
02384893363i[MEM0 ] allocate_block: block=0x1b used 0x1d of 0x100
02386466227i[MEM0 ] allocate_block: block=0x1c used 0x1e of 0x100
02388039091i[MEM0 ] allocate_block: block=0x1d used 0x1f of 0x100
02389611955i[MEM0 ] allocate_block: block=0x1e used 0x20 of 0x100
02391184819i[MEM0 ] allocate_block: block=0x1f used 0x21 of 0x100
02392757683i[MEM0 ] allocate_block: block=0x20 used 0x22 of 0x100
02394330547i[MEM0 ] allocate_block: block=0x21 used 0x23 of 0x100
02395903411i[MEM0 ] allocate_block: block=0x22 used 0x24 of 0x100
02397476275i[MEM0 ] allocate_block: block=0x23 used 0x25 of 0x100
02399049139i[MEM0 ] allocate_block: block=0x24 used 0x26 of 0x100
02400622003i[MEM0 ] allocate_block: block=0x25 used 0x27 of 0x100
02401891171i[     ] Ctrl-C detected in signal handler.
02401891171i[XGUI ] Mouse capture off
02401891171i[     ] dbg: Quit
02401891171i[CPU0 ] CPU is in protected mode (active)
02401891171i[CPU0 ] CS.mode = 32 bit
02401891171i[CPU0 ] SS.mode = 32 bit
02401891171i[CPU0 ] EFER   = 0x00000000
02401891171i[CPU0 ] | EAX=025ce920  EBX=00001112  ECX=00028ff8  EDX=b4d23000
02401891171i[CPU0 ] | ESP=00026fc8  EBP=00026ff8  ESI=000e10e1  EDI=00002200
02401891171i[CPU0 ] | IOPL=0 id vip vif ac vm rf nt of df if tf SF zf AF pf CF
02401891171i[CPU0 ] | SEG sltr(index|ti|rpl)     base    limit G D
02401891171i[CPU0 ] |  CS:0048( 0009| 0|  0) 00000000 2dcfffff 1 1
02401891171i[CPU0 ] |  DS:0058( 000b| 0|  0) 00000000 2dcfffff 1 1
02401891171i[CPU0 ] |  SS:0058( 000b| 0|  0) 00000000 2dcfffff 1 1
02401891171i[CPU0 ] |  ES:0058( 000b| 0|  0) 00000000 2dcfffff 1 1
02401891171i[CPU0 ] |  FS:0068( 000d| 0|  0) 000b8000 00001f3f 0 1
02401891171i[CPU0 ] |  GS:0058( 000b| 0|  0) 00000000 2dcfffff 1 1
02401891171i[CPU0 ] | EIP=00001e2b (00001e2b)
02401891171i[CPU0 ] | CR0=0x60000011 CR2=0x00000000
02401891171i[CPU0 ] | CR3=0x00000000 CR4=0x00000000
02401891171i[CMOS ] Last time is 946681680 (Fri Dec 31 20:08:00 1999)
02401891171i[XGUI ] Exit
02401891171i[CTRL ] quit_sim called with exit code 0
